<?xml version="1.0" encoding="UTF-8"?>
<testng-results skipped="0" failed="0" ignored="0" total="1" passed="1">
  <reporter-output>
  </reporter-output>
  <suite name="Default suite" duration-ms="45869" started-at="2020-09-21T07:21:19Z" finished-at="2020-09-21T07:22:05Z">
    <groups>
    </groups>
    <test name="Default test" duration-ms="45869" started-at="2020-09-21T07:21:19Z" finished-at="2020-09-21T07:22:05Z">
      <class name="local.appium.tests.Appium_Android_Native">
        <test-method status="PASS" signature="beforeText()[pri:0, instance:local.appium.tests.Appium_Android_Native@59ec2012]" name="beforeText" is-config="true" duration-ms="10" started-at="2020-09-21T07:21:19Z" finished-at="2020-09-21T07:21:19Z">
          <reporter-output>
          </reporter-output>
        </test-method> <!-- beforeText -->
        <test-method status="PASS" signature="beforeClass()[pri:0, instance:local.appium.tests.Appium_Android_Native@59ec2012]" name="beforeClass" is-config="true" duration-ms="41313" started-at="2020-09-21T07:21:19Z" finished-at="2020-09-21T07:22:01Z">
          <reporter-output>
          </reporter-output>
        </test-method> <!-- beforeClass -->
        <test-method status="PASS" signature="openInstalledApp()[pri:0, instance:local.appium.tests.Appium_Android_Native@59ec2012]" name="openInstalledApp" duration-ms="4526" started-at="2020-09-21T07:22:01Z" finished-at="2020-09-21T07:22:05Z">
          <reporter-output>
          </reporter-output>
        </test-method> <!-- openInstalledApp -->
        <test-method status="PASS" signature="afterClass()[pri:0, instance:local.appium.tests.Appium_Android_Native@59ec2012]" name="afterClass" is-config="true" duration-ms="0" started-at="2020-09-21T07:22:05Z" finished-at="2020-09-21T07:22:05Z">
          <reporter-output>
          </reporter-output>
        </test-method> <!-- afterClass -->
        <test-method status="PASS" signature="afterText()[pri:0, instance:local.appium.tests.Appium_Android_Native@59ec2012]" name="afterText" is-config="true" duration-ms="0" started-at="2020-09-21T07:22:05Z" finished-at="2020-09-21T07:22:05Z">
          <reporter-output>
          </reporter-output>
        </test-method> <!-- afterText -->
      </class> <!-- local.appium.tests.Appium_Android_Native -->
    </test> <!-- Default test -->
  </suite> <!-- Default suite -->
</testng-results>
